2026-01-23 13:13:27,445 INFO Refreshing VPN profiles...
2026-01-23 13:13:28,477 INFO Loaded 0 VPN profiles.
2026-01-23 13:13:49,398 INFO Refreshing VPN profiles...
2026-01-23 13:13:49,790 INFO Loaded 1 VPN profiles.
2026-01-23 13:13:54,434 INFO Connecting to sdf...
2026-01-23 13:14:14,520 ERROR rasdial timed out while waiting for credentials. Please connect once via Windows VPN settings and save credentials.
2026-01-23 13:14:14,521 INFO Connect failed: rasdial timed out while waiting for credentials. Please connect once via Windows VPN settings and save credentials.
2026-01-23 13:14:30,016 INFO Refreshing VPN profiles...
2026-01-23 13:14:30,731 INFO Loaded 1 VPN profiles.
2026-01-23 13:14:31,672 INFO Refreshing VPN profiles...
2026-01-23 13:14:32,040 INFO Loaded 1 VPN profiles.
2026-01-23 13:56:53,203 INFO Refreshing VPN profiles...
2026-01-23 13:56:53,778 INFO Loaded 1 VPN profiles.
2026-01-23 13:57:12,495 INFO Creating profile test...
2026-01-23 13:57:12,496 INFO Create failed: Admin privileges are required to manage system-wide VPN profiles. Run the app as Administrator.
2026-01-23 13:57:25,241 INFO Creating profile test...
2026-01-23 13:57:25,625 INFO Created VPN profile test.
2026-01-23 13:57:25,625 INFO Refreshing VPN profiles...
2026-01-23 13:57:25,999 INFO Loaded 2 VPN profiles.
2026-01-23 13:57:31,113 INFO Connecting to test...
2026-01-23 13:57:51,125 ERROR rasdial timed out while waiting for credentials. Please connect once via Windows VPN settings and save credentials.
2026-01-23 17:43:04,086 INFO Refreshing VPN profiles...
2026-01-23 17:43:04,683 INFO Loaded 2 VPN profiles.
2026-01-23 17:43:13,948 INFO Deleting profile sdf...
2026-01-23 17:43:14,307 INFO Deleted VPN profile sdf.
2026-01-23 17:43:14,307 INFO Refreshing VPN profiles...
2026-01-23 17:43:14,687 INFO Loaded 1 VPN profiles.
2026-01-23 17:43:29,842 INFO Deleting profile test...
2026-01-23 17:43:30,312 INFO Delete failed: Remove-VpnConnection :  The VPN connection test cannot be removed from the local user connections. : Eine hergestellte 
Verbindung kann nicht gel”scht werden.
In Zeile:1 Zeichen:32
+ ... rrorActionPreference='Stop'; Remove-VpnConnection -Name 'test' -Force
+                                  ~~~~~~~~~~~~~~~~~~~~~~~~~~~~~~~~~~~~~~~~
    + CategoryInfo          : NotSpecified: (test:root/Microsoft/...S_VpnConnection) [Remove-VpnConnection], CimExcept 
   ion
    + FullyQualifiedErrorId : VPN 817,Remove-VpnConnection
2026-01-23 17:45:24,779 INFO Refreshing VPN profiles...
2026-01-23 17:45:25,593 INFO Loaded 1 VPN profiles.
2026-01-23 17:45:31,110 INFO Deleting profile test...
2026-01-23 17:45:31,438 INFO Deleted VPN profile test.
2026-01-23 17:45:31,438 INFO Refreshing VPN profiles...
2026-01-23 17:45:31,814 INFO Loaded 0 VPN profiles.
